Primer constructor
Archivo: prueba.cpp
04/10/2022 07:40:53 p. m.
0::/::29
1::/::30
2:: ::30
3::C::30
4::a::30
5::r::30
6::l::30
7::o::30
8::s::30
9:: ::30
10::R::30
11::a::30
12::m::30
13::í::30
14::r::30
15::e::30
16::z::30
17:: ::30
18::T::30
19::o::30
20::v::30
21::a::30
22::r::30
23::::30
24::
::0
25::#::37
26::i::1
27::n::1
28::c::1
29::l::1
30::u::1
31::d::1
32::e::1
33:: ::0
34::<::19
35::i::1
36::o::1
37::s::1
38::t::1
39::r::1
40::e::1
41::a::1
42::m::1
43::>::18
44::::0
45::
::0
46::#::37
47::i::1
48::n::1
49::c::1
50::l::1
51::u::1
52::d::1
53::e::1
54:: ::0
55::<::19
56::s::1
57::t::1
58::d::1
59::i::1
60::o::1
61::.::33
62::h::1
63::>::18
64::::0
65::
::0
66::#::37
67::i::1
68::n::1
69::c::1
70::l::1
71::u::1
72::d::1
73::e::1
74:: ::0
75::<::19
76::c::1
77::o::1
78::n::1
79::i::1
80::o::1
81::.::33
82::h::1
83::>::18
84::::0
85::
::0
86::::0
87::
::0
88::/::29
89::/::30
90:: ::30
91::E::30
92::s::30
93::t::30
94::e::30
95:: ::30
96::p::30
97::r::30
98::o::30
99::g::30
100::r::30
101::a::30
102::m::30
103::a::30
104:: ::30
105::c::30
106::a::30
107::l::30
108::c::30
109::u::30
110::l::30
111::a::30
112:: ::30
113::e::30
114::l::30
115:: ::30
116::v::30
117::o::30
118::l::30
119::u::30
120::m::30
121::e::30
122::n::30
123:: ::30
124::d::30
125::e::30
126:: ::30
127::u::30
128::n::30
129:: ::30
130::c::30
131::i::30
132::l::30
133::i::30
134::n::30
135::d::30
136::r::30
137::o::30
138::.::30
139::::30
140::
::0
141::c::1
142::h::1
143::a::1
144::r::1
145:: ::0
146::y::1
147::;::12
148::::0
149::
::0
150::i::1
151::n::1
152::t::1
153:: ::0
154::i::1
155::,::33
156:: ::0
157::j::1
158::a::1
159::,::33
160:: ::0
161::j::1
162::,::33
163:: ::0
164::k::1
165::;::12
166::::0
167::
::0
168::::0
169::
::0
170::v::1
171::o::1
172::i::1
173::d::1
174:: ::0
175::m::1
176::a::1
177::i::1
178::n::1
179::(::33
180::)::33
181::::0
182::
::0
183::{::33
184::::0
185::
::0
186:: ::0
187:: ::0
188:: ::0
189:: ::0
190::f::1
191::o::1
192::r::1
193:: ::0
194::(::33
195::i::1
196:: ::0
197::=::8
198:: ::0
199::0::2
200::;::12
201:: ::0
202::i::1
203:: ::0
204::<::19
Error de sintaxis, se espera un ( en linea: 12
